<?xml version="1.0" encoding="UTF-8"?>
<testsuite xmlns:xsi="http://www.w3.org/2001/XMLSchema-instance" xsi:noNamespaceSchemaLocation="https://maven.apache.org/surefire/maven-surefire-plugin/xsd/surefire-test-report.xsd" name="oy.tol.tra.FirstTests" time="0.029" tests="2" errors="0" skipped="0" failures="0">
  <properties>
    <property name="java.specification.version" value="17"/>
    <property name="sun.cpu.isalist" value="amd64"/>
    <property name="sun.jnu.encoding" value="Cp1252"/>
    <property name="java.class.path" value="C:\Users\charles\Desktop\NJIT-DSA-2024-origin-main\01-arrays\target\test-classes;C:\Users\charles\Desktop\NJIT-DSA-2024-origin-main\01-arrays\target\classes;C:\Users\charles\Yifan\Portable\sdk\apache-maven-3.9.4\mvn_repo\org\junit\jupiter\junit-jupiter-api\5.9.0\junit-jupiter-api-5.9.0.jar;C:\Users\charles\Yifan\Portable\sdk\apache-maven-3.9.4\mvn_repo\org\opentest4j\opentest4j\1.2.0\opentest4j-1.2.0.jar;C:\Users\charles\Yifan\Portable\sdk\apache-maven-3.9.4\mvn_repo\org\junit\platform\junit-platform-commons\1.9.0\junit-platform-commons-1.9.0.jar;C:\Users\charles\Yifan\Portable\sdk\apache-maven-3.9.4\mvn_repo\org\apiguardian\apiguardian-api\1.1.2\apiguardian-api-1.1.2.jar;C:\Users\charles\Yifan\Portable\sdk\apache-maven-3.9.4\mvn_repo\org\junit\jupiter\junit-jupiter-engine\5.9.0\junit-jupiter-engine-5.9.0.jar;C:\Users\charles\Yifan\Portable\sdk\apache-maven-3.9.4\mvn_repo\org\junit\platform\junit-platform-engine\1.9.0\junit-platform-engine-1.9.0.jar;"/>
    <property name="java.vm.vendor" value="Oracle Corporation"/>
    <property name="sun.arch.data.model" value="64"/>
    <property name="user.variant" value=""/>
    <property name="java.vendor.url" value="https://java.oracle.com/"/>
    <property name="user.timezone" value="Asia/Shanghai"/>
    <property name="os.name" value="Windows 10"/>
    <property name="java.vm.specification.version" value="17"/>
    <property name="sun.java.launcher" value="SUN_STANDARD"/>
    <property name="user.country" value="US"/>
    <property name="sun.boot.library.path" value="C:\Program Files\Java\jdk-17\bin"/>
    <property name="sun.java.command" value="C:\Users\charles\AppData\Local\Temp\surefire11960553675477580141\surefirebooter3360582572290448571.jar C:\Users\charles\AppData\Local\Temp\surefire11960553675477580141 2024-03-24T19-26-39_868-jvmRun1 surefire4119247120141453928tmp surefire_07375241021107393586tmp"/>
    <property name="jdk.debug" value="release"/>
    <property name="test" value="FirstTests"/>
    <property name="surefire.test.class.path" value="C:\Users\charles\Desktop\NJIT-DSA-2024-origin-main\01-arrays\target\test-classes;C:\Users\charles\Desktop\NJIT-DSA-2024-origin-main\01-arrays\target\classes;C:\Users\charles\Yifan\Portable\sdk\apache-maven-3.9.4\mvn_repo\org\junit\jupiter\junit-jupiter-api\5.9.0\junit-jupiter-api-5.9.0.jar;C:\Users\charles\Yifan\Portable\sdk\apache-maven-3.9.4\mvn_repo\org\opentest4j\opentest4j\1.2.0\opentest4j-1.2.0.jar;C:\Users\charles\Yifan\Portable\sdk\apache-maven-3.9.4\mvn_repo\org\junit\platform\junit-platform-commons\1.9.0\junit-platform-commons-1.9.0.jar;C:\Users\charles\Yifan\Portable\sdk\apache-maven-3.9.4\mvn_repo\org\apiguardian\apiguardian-api\1.1.2\apiguardian-api-1.1.2.jar;C:\Users\charles\Yifan\Portable\sdk\apache-maven-3.9.4\mvn_repo\org\junit\jupiter\junit-jupiter-engine\5.9.0\junit-jupiter-engine-5.9.0.jar;C:\Users\charles\Yifan\Portable\sdk\apache-maven-3.9.4\mvn_repo\org\junit\platform\junit-platform-engine\1.9.0\junit-platform-engine-1.9.0.jar;"/>
    <property name="sun.cpu.endian" value="little"/>
    <property name="user.home" value="C:\Users\charles"/>
    <property name="user.language" value="en"/>
    <property name="java.specification.vendor" value="Oracle Corporation"/>
    <property name="java.version.date" value="2023-10-17"/>
    <property name="java.home" value="C:\Program Files\Java\jdk-17"/>
    <property name="file.separator" value="\"/>
    <property name="basedir" value="C:\Users\charles\Desktop\NJIT-DSA-2024-origin-main\01-arrays"/>
    <property name="java.vm.compressedOopsMode" value="Zero based"/>
    <property name="line.separator" value="&#10;"/>
    <property name="java.vm.specification.vendor" value="Oracle Corporation"/>
    <property name="java.specification.name" value="Java Platform API Specification"/>
    <property name="surefire.real.class.path" value="C:\Users\charles\AppData\Local\Temp\surefire11960553675477580141\surefirebooter3360582572290448571.jar"/>
    <property name="user.script" value=""/>
    <property name="sun.management.compiler" value="HotSpot 64-Bit Tiered Compilers"/>
    <property name="java.runtime.version" value="17.0.9+11-LTS-201"/>
    <property name="user.name" value="charles"/>
    <property name="path.separator" value=";"/>
    <property name="os.version" value="10.0"/>
    <property name="java.runtime.name" value="Java(TM) SE Runtime Environment"/>
    <property name="file.encoding" value="Cp1252"/>
    <property name="java.vm.name" value="Java HotSpot(TM) 64-Bit Server VM"/>
    <property name="localRepository" value="C:\Users\charles\Yifan\Portable\sdk\apache-maven-3.9.4\mvn_repo"/>
    <property name="java.vendor.url.bug" value="https://bugreport.java.com/bugreport/"/>
    <property name="java.io.tmpdir" value="C:\Users\charles\AppData\Local\Temp\"/>
    <property name="java.version" value="17.0.9"/>
    <property name="user.dir" value="C:\Users\charles\Desktop\NJIT-DSA-2024-origin-main\01-arrays"/>
    <property name="os.arch" value="amd64"/>
    <property name="java.vm.specification.name" value="Java Virtual Machine Specification"/>
    <property name="sun.os.patch.level" value=""/>
    <property name="native.encoding" value="Cp1252"/>
    <property name="java.library.path" value="C:\Program Files\Java\jdk-17\bin;C:\Windows\Sun\Java\bin;C:\Windows\system32;C:\Windows;C:\ProgramData\miniconda3\condabin;C:\Windows\system32;C:\Windows;C:\Windows\System32\Wbem;C:\Windows\System32\WindowsPowerShell\v1.0\;C:\Windows\System32\OpenSSH\;C:\ProgramData\miniconda3;C:\ProgramData\miniconda3\condabin;C:\Program Files\Java\jdk-17\bin;C:\Program Files\Go\bin;C:\Program Files\Git\cmd;C:\Users\charles\AppData\Roaming\nvm;C:\Program Files\nodejs;C:\Program Files (x86)\NetSarang\Xshell 7\;C:\Program Files\Docker\Docker\resources\bin;C:\Users\charles\AppData\Local\Microsoft\WindowsApps;C:\Users\charles\Yifan\Portable\sdk\mingw64\bin;C:\Users\charles\Yifan\Portable\sdk\apache-maven-3.9.4\bin;C:\Users\charles\Yifan\Portable\sdk\sqlite-dll-tools-win32-x86-3430200;C:\Users\charles\AppData\Local\Programs\oh-my-posh\bin;C:\Users\charles\AppData\Roaming\npm;C:\Users\charles\AppData\Local\Programs\Microsoft VS Code;C:\Users\charles\AppData\Roaming\nvm;C:\Program Files\nodejs;C:\Users\charles\Yifan\Portable\activate_copilot;;."/>
    <property name="java.vm.info" value="mixed mode, sharing"/>
    <property name="java.vendor" value="Oracle Corporation"/>
    <property name="java.vm.version" value="17.0.9+11-LTS-201"/>
    <property name="sun.io.unicode.encoding" value="UnicodeLittle"/>
    <property name="java.class.version" value="61.0"/>
  </properties>
  <testcase name="reverseTest" classname="oy.tol.tra.FirstTests" time="0.018"/>
  <testcase name="sortTest" classname="oy.tol.tra.FirstTests" time="0"/>
</testsuite>